<?xml version="1.0" encoding="UTF-8"?>
<testng-results ignored="0" total="3" passed="3" failed="0" skipped="0">
  <reporter-output>
  </reporter-output>
  <suite started-at="2026-08-18T20:57:40 IST" name="EcommerceSuite" finished-at="2026-08-18T21:00:13 IST" duration-ms="152372">
    <groups>
    </groups>
    <test started-at="2026-08-18T20:57:40 IST" name="EcommerceTests" finished-at="2026-08-18T21:00:13 IST" duration-ms="152372">
      <class name="tests.LoginDataDrivenTest">
        <test-method is-config="true" signature="setUp()[pri:0, instance:tests.LoginDataDrivenTest@7334aada]" started-at="2026-08-18T20:57:49 IST" name="setUp" finished-at="2026-08-18T20:58:40 IST" duration-ms="51076" status="PASS">
          <reporter-output>
          </reporter-output>
        </test-method> <!-- setUp -->
        <test-method signature="testLogin(java.lang.String,java.lang.String,java.lang.String)[pri:0, instance:tests.LoginDataDrivenTest@7334aada]" started-at="2026-08-18T20:58:40 IST" name="testLogin" data-provider="loginData" finished-at="2026-08-18T20:58:45 IST" duration-ms="5462" status="PASS">
          <params>
            <param index="0">
              <value>
                <![CDATA[standard_user ]]>
              </value>
            </param>
            <param index="1">
              <value>
                <![CDATA[secret_sauce]]>
              </value>
            </param>
            <param index="2">
              <value>
                <![CDATA[success]]>
              </value>
            </param>
          </params>
          <reporter-output>
          </reporter-output>
        </test-method> <!-- testLogin -->
        <test-method is-config="true" signature="tearDown()[pri:0, instance:tests.LoginDataDrivenTest@7334aada]" started-at="2026-08-18T20:58:45 IST" name="tearDown" finished-at="2026-08-18T20:58:52 IST" duration-ms="6650" status="PASS">
          <reporter-output>
          </reporter-output>
        </test-method> <!-- tearDown -->
        <test-method is-config="true" signature="setUp()[pri:0, instance:tests.LoginDataDrivenTest@7334aada]" started-at="2026-08-18T20:58:52 IST" name="setUp" finished-at="2026-08-18T20:59:19 IST" duration-ms="26506" status="PASS">
          <reporter-output>
          </reporter-output>
        </test-method> <!-- setUp -->
        <test-method signature="testLogin(java.lang.String,java.lang.String,java.lang.String)[pri:0, instance:tests.LoginDataDrivenTest@7334aada]" started-at="2026-08-18T20:59:19 IST" name="testLogin" data-provider="loginData" finished-at="2026-08-18T20:59:27 IST" duration-ms="8293" status="PASS">
          <params>
            <param index="0">
              <value>
                <![CDATA[locked_out_user]]>
              </value>
            </param>
            <param index="1">
              <value>
                <![CDATA[secret_sauce]]>
              </value>
            </param>
            <param index="2">
              <value>
                <![CDATA[error]]>
              </value>
            </param>
          </params>
          <reporter-output>
          </reporter-output>
        </test-method> <!-- testLogin -->
        <test-method is-config="true" signature="tearDown()[pri:0, instance:tests.LoginDataDrivenTest@7334aada]" started-at="2026-08-18T20:59:27 IST" name="tearDown" finished-at="2026-08-18T20:59:36 IST" duration-ms="8871" status="PASS">
          <reporter-output>
          </reporter-output>
        </test-method> <!-- tearDown -->
        <test-method is-config="true" signature="setUp()[pri:0, instance:tests.LoginDataDrivenTest@7334aada]" started-at="2026-08-18T20:59:36 IST" name="setUp" finished-at="2026-08-18T21:00:04 IST" duration-ms="28195" status="PASS">
          <reporter-output>
          </reporter-output>
        </test-method> <!-- setUp -->
        <test-method signature="testLogin(java.lang.String,java.lang.String,java.lang.String)[pri:0, instance:tests.LoginDataDrivenTest@7334aada]" started-at="2026-08-18T21:00:04 IST" name="testLogin" data-provider="loginData" finished-at="2026-08-18T21:00:07 IST" duration-ms="3017" status="PASS">
          <params>
            <param index="0">
              <value>
                <![CDATA[invalid_user]]>
              </value>
            </param>
            <param index="1">
              <value>
                <![CDATA[wrong_pass]]>
              </value>
            </param>
            <param index="2">
              <value>
                <![CDATA[error]]>
              </value>
            </param>
          </params>
          <reporter-output>
          </reporter-output>
        </test-method> <!-- testLogin -->
        <test-method is-config="true" signature="tearDown()[pri:0, instance:tests.LoginDataDrivenTest@7334aada]" started-at="2026-08-18T21:00:07 IST" name="tearDown" finished-at="2026-08-18T21:00:13 IST" duration-ms="5635" status="PASS">
          <reporter-output>
          </reporter-output>
        </test-method> <!-- tearDown -->
      </class> <!-- tests.LoginDataDrivenTest -->
    </test> <!-- EcommerceTests -->
  </suite> <!-- EcommerceSuite -->
</testng-results>
