<?xml version="1.0" encoding="UTF-8"?>
<testng-results ignored="0" total="3" passed="3" failed="0" skipped="0">
  <reporter-output>
  </reporter-output>
  <suite started-at="2026-08-16T00:06:08 IST" name="EcommerceSuite" finished-at="2026-08-16T00:07:44 IST" duration-ms="95469">
    <groups>
    </groups>
    <test started-at="2026-08-16T00:06:08 IST" name="EcommerceTests" finished-at="2026-08-16T00:07:44 IST" duration-ms="95469">
      <class name="tests.LoginDataDrivenTest">
        <test-method is-config="true" signature="setUp()[pri:0, instance:tests.LoginDataDrivenTest@384ad17b]" started-at="2026-08-16T00:06:15 IST" name="setUp" finished-at="2026-08-16T00:06:47 IST" duration-ms="32452" status="PASS">
          <reporter-output>
          </reporter-output>
        </test-method> <!-- setUp -->
        <test-method signature="testLogin(java.lang.String,java.lang.String,java.lang.String)[pri:0, instance:tests.LoginDataDrivenTest@384ad17b]" started-at="2026-08-16T00:06:47 IST" name="testLogin" data-provider="loginData" finished-at="2026-08-16T00:06:54 IST" duration-ms="6995" status="PASS">
          <params>
            <param index="0">
              <value>
                <![CDATA[standard_user ]]>
              </value>
            </param>
            <param index="1">
              <value>
                <![CDATA[secret_sauce]]>
              </value>
            </param>
            <param index="2">
              <value>
                <![CDATA[success]]>
              </value>
            </param>
          </params>
          <reporter-output>
          </reporter-output>
        </test-method> <!-- testLogin -->
        <test-method is-config="true" signature="tearDown()[pri:0, instance:tests.LoginDataDrivenTest@384ad17b]" started-at="2026-08-16T00:06:55 IST" name="tearDown" finished-at="2026-08-16T00:06:59 IST" duration-ms="3816" status="PASS">
          <reporter-output>
          </reporter-output>
        </test-method> <!-- tearDown -->
        <test-method is-config="true" signature="setUp()[pri:0, instance:tests.LoginDataDrivenTest@384ad17b]" started-at="2026-08-16T00:06:59 IST" name="setUp" finished-at="2026-08-16T00:07:16 IST" duration-ms="17077" status="PASS">
          <reporter-output>
          </reporter-output>
        </test-method> <!-- setUp -->
        <test-method signature="testLogin(java.lang.String,java.lang.String,java.lang.String)[pri:0, instance:tests.LoginDataDrivenTest@384ad17b]" started-at="2026-08-16T00:07:16 IST" name="testLogin" data-provider="loginData" finished-at="2026-08-16T00:07:19 IST" duration-ms="3439" status="PASS">
          <params>
            <param index="0">
              <value>
                <![CDATA[locked_out_user]]>
              </value>
            </param>
            <param index="1">
              <value>
                <![CDATA[secret_sauce]]>
              </value>
            </param>
            <param index="2">
              <value>
                <![CDATA[error]]>
              </value>
            </param>
          </params>
          <reporter-output>
          </reporter-output>
        </test-method> <!-- testLogin -->
        <test-method is-config="true" signature="tearDown()[pri:0, instance:tests.LoginDataDrivenTest@384ad17b]" started-at="2026-08-16T00:07:19 IST" name="tearDown" finished-at="2026-08-16T00:07:22 IST" duration-ms="3167" status="PASS">
          <reporter-output>
          </reporter-output>
        </test-method> <!-- tearDown -->
        <test-method is-config="true" signature="setUp()[pri:0, instance:tests.LoginDataDrivenTest@384ad17b]" started-at="2026-08-16T00:07:22 IST" name="setUp" finished-at="2026-08-16T00:07:37 IST" duration-ms="14347" status="PASS">
          <reporter-output>
          </reporter-output>
        </test-method> <!-- setUp -->
        <test-method signature="testLogin(java.lang.String,java.lang.String,java.lang.String)[pri:0, instance:tests.LoginDataDrivenTest@384ad17b]" started-at="2026-08-16T00:07:37 IST" name="testLogin" data-provider="loginData" finished-at="2026-08-16T00:07:39 IST" duration-ms="2069" status="PASS">
          <params>
            <param index="0">
              <value>
                <![CDATA[invalid_user]]>
              </value>
            </param>
            <param index="1">
              <value>
                <![CDATA[wrong_pass]]>
              </value>
            </param>
            <param index="2">
              <value>
                <![CDATA[error]]>
              </value>
            </param>
          </params>
          <reporter-output>
          </reporter-output>
        </test-method> <!-- testLogin -->
        <test-method is-config="true" signature="tearDown()[pri:0, instance:tests.LoginDataDrivenTest@384ad17b]" started-at="2026-08-16T00:07:39 IST" name="tearDown" finished-at="2026-08-16T00:07:43 IST" duration-ms="4716" status="PASS">
          <reporter-output>
          </reporter-output>
        </test-method> <!-- tearDown -->
      </class> <!-- tests.LoginDataDrivenTest -->
    </test> <!-- EcommerceTests -->
  </suite> <!-- EcommerceSuite -->
</testng-results>
