<?xml version="1.0" encoding="UTF-8"?>
<!-- Generated by org.testng.reporters.JUnitReportReporter -->
<testsuite hostname="DESKTOP-L86RUVT" failures="0" tests="3" name="tests.LoginDataDrivenTest" time="143.705" errors="0" timestamp="2026-08-18T21:00:15 IST" skipped="0">
  <testcase classname="tests.LoginDataDrivenTest" name="testLogin" time="63.188"/>
  <testcase classname="tests.LoginDataDrivenTest" name="testLogin" time="40.083"/>
  <testcase classname="tests.LoginDataDrivenTest" name="testLogin" time="40.434"/>
</testsuite> <!-- tests.LoginDataDrivenTest -->
