<?xml version="1.0" encoding="UTF-8"?>
<!-- Generated by org.testng.reporters.JUnitReportReporter -->
<testsuite hostname="DESKTOP-L86RUVT" failures="0" tests="3" name="tests.LoginDataDrivenTest" time="88.078" errors="0" timestamp="2026-08-16T00:07:45 IST" skipped="0">
  <testcase classname="tests.LoginDataDrivenTest" name="testLogin" time="38.337"/>
  <testcase classname="tests.LoginDataDrivenTest" name="testLogin" time="27.239"/>
  <testcase classname="tests.LoginDataDrivenTest" name="testLogin" time="22.502"/>
</testsuite> <!-- tests.LoginDataDrivenTest -->
