<?xml version="1.0" encoding="UTF-8"?>
<!-- Generated by org.testng.reporters.JUnitXMLReporter -->
<testsuite ignored="0" hostname="DESKTOP-L86RUVT" failures="0" tests="3" name="EcommerceTests" time="95.469" errors="0" timestamp="2026-08-16T00:07:44 IST">
  <testcase classname="tests.LoginDataDrivenTest" name="testLogin" time="6.995"/>
  <testcase classname="tests.LoginDataDrivenTest" name="testLogin" time="3.439"/>
  <testcase classname="tests.LoginDataDrivenTest" name="testLogin" time="2.069"/>
</testsuite> <!-- EcommerceTests -->
