<?xml version="1.0" encoding="UTF-8"?>
<!-- Generated by org.testng.reporters.JUnitXMLReporter -->
<testsuite ignored="0" hostname="DESKTOP-L86RUVT" failures="0" tests="3" name="EcommerceTests" time="152.372" errors="0" timestamp="2026-08-18T21:00:15 IST">
  <testcase classname="tests.LoginDataDrivenTest" name="testLogin" time="5.462"/>
  <testcase classname="tests.LoginDataDrivenTest" name="testLogin" time="8.293"/>
  <testcase classname="tests.LoginDataDrivenTest" name="testLogin" time="3.017"/>
</testsuite> <!-- EcommerceTests -->
